----------------------------------------------------------------
<<<<<<< HEAD
Sun May 01 16:11:05 EDT 2016:
Booting Derby version The Apache Software Foundation - Apache Derby - 10.10.2.0 - (1582446): instance a816c00e-0154-6df2-1eec-000006c71588 
on database directory H:\workspace.newDBarea with class loader sun.misc.Launcher$AppClassLoader@c387f44 
Loaded from file:/H:/workspace/CS320_Derby/lib/derby.jar
=======
Sun May 01 16:03:08 EDT 2016:
Booting Derby version The Apache Software Foundation - Apache Derby - 10.10.2.0 - (1582446): instance a816c00e-0154-6dea-dac1-000006a7c740 
on database directory C:\Users\austin\Desktop\CS201\eclipse\CS320_Project\project.db with class loader sun.misc.Launcher$AppClassLoader@4e0e2f2a 
Loaded from file:/C:/Users/austin/Desktop/CS201/eclipse/CS320_Project/CS320_Derby/lib/derby.jar
>>>>>>> refs/remotes/akrum18/master
java.vendor=Oracle Corporation
java.runtime.version=1.8.0_51-b16
user.dir=H:\git\CS320_project\CS320_Lab03
os.name=Windows 7
os.arch=amd64
os.version=6.1
derby.system.home=null
Database Class Loader started - derby.database.classpath=''
